<?xml version="1.0" encoding="UTF-8"?>
<coverage generated="1608670090576" clover="3.2.0">
  <project timestamp="1608670090576" name="All files">
    <metrics statements="16" coveredstatements="16" conditionals="6" coveredconditionals="6" methods="5" coveredmethods="5" elements="27" coveredelements="27" complexity="0" loc="16" ncloc="16" packages="1" files="2" classes="2"/>
    <file name="bst-node.js" path="/Users/lelasmith/Desktop/epicodus-projects/CS-curriculum/src/bst-node.js">
      <metrics statements="3" coveredstatements="3" conditionals="0" coveredconditionals="0" methods="1" coveredmethods="1"/>
      <line num="3" count="1" type="stmt"/>
      <line num="4" count="1" type="stmt"/>
      <line num="5" count="1" type="stmt"/>
    </file>
    <file name="hash-table.js" path="/Users/lelasmith/Desktop/epicodus-projects/CS-curriculum/src/hash-table.js">
      <metrics statements="13" coveredstatements="13" conditionals="6" coveredconditionals="6" methods="4" coveredmethods="4"/>
      <line num="3" count="7" type="stmt"/>
      <line num="7" count="10" type="stmt"/>
      <line num="11" count="5" type="stmt"/>
      <line num="12" count="5" type="cond" truecount="2" falsecount="0"/>
      <line num="13" count="3" type="stmt"/>
      <line num="15" count="5" type="stmt"/>
      <line num="19" count="3" type="stmt"/>
      <line num="20" count="3" type="stmt"/>
      <line num="21" count="3" type="cond" truecount="2" falsecount="0"/>
      <line num="22" count="2" type="stmt"/>
      <line num="23" count="3" type="cond" truecount="2" falsecount="0"/>
      <line num="24" count="1" type="stmt"/>
      <line num="28" count="2" type="stmt"/>
    </file>
  </project>
</coverage>
