{"/Users/lelasmith/Desktop/epicodus-projects/CS-curriculum/src/bst-node.js": {"path":"/Users/lelasmith/Desktop/epicodus-projects/CS-curriculum/src/bst-node.js","statementMap":{"0":{"start":{"line":3,"column":4},"end":{"line":3,"column":21}},"1":{"start":{"line":4,"column":4},"end":{"line":4,"column":21}},"2":{"start":{"line":5,"column":4},"end":{"line":5,"column":22}}},"fnMap":{"0":{"name":"(anonymous_0)","decl":{"start":{"line":2,"column":2},"end":{"line":2,"column":3}},"loc":{"start":{"line":2,"column":20},"end":{"line":6,"column":3}},"line":2}},"branchMap":{},"s":{"0":1,"1":1,"2":1},"f":{"0":1},"b":{},"_coverageSchema":"43e27e138ebf9cfc5966b082cf9a028302ed4184","hash":"b2bec259c1b7ad27d13b73407e5a58f90c083cd8"}
,"/Users/lelasmith/Desktop/epicodus-projects/CS-curriculum/src/graph.js": {"path":"/Users/lelasmith/Desktop/epicodus-projects/CS-curriculum/src/graph.js","statementMap":{"0":{"start":{"line":3,"column":4},"end":{"line":3,"column":35}},"1":{"start":{"line":6,"column":4},"end":{"line":6,"column":44}},"2":{"start":{"line":9,"column":4},"end":{"line":11,"column":5}},"3":{"start":{"line":10,"column":6},"end":{"line":10,"column":18}},"4":{"start":{"line":12,"column":4},"end":{"line":12,"column":17}},"5":{"start":{"line":16,"column":4},"end":{"line":16,"column":45}},"6":{"start":{"line":17,"column":4},"end":{"line":17,"column":45}},"7":{"start":{"line":21,"column":4},"end":{"line":23,"column":5}},"8":{"start":{"line":22,"column":6},"end":{"line":22,"column":17}},"9":{"start":{"line":24,"column":4},"end":{"line":24,"column":17}}},"fnMap":{"0":{"name":"(anonymous_0)","decl":{"start":{"line":2,"column":2},"end":{"line":2,"column":3}},"loc":{"start":{"line":2,"column":16},"end":{"line":4,"column":3}},"line":2},"1":{"name":"(anonymous_1)","decl":{"start":{"line":5,"column":2},"end":{"line":5,"column":3}},"loc":{"start":{"line":5,"column":16},"end":{"line":7,"column":3}},"line":5},"2":{"name":"(anonymous_2)","decl":{"start":{"line":8,"column":2},"end":{"line":8,"column":3}},"loc":{"start":{"line":8,"column":16},"end":{"line":13,"column":3}},"line":8},"3":{"name":"(anonymous_3)","decl":{"start":{"line":15,"column":2},"end":{"line":15,"column":3}},"loc":{"start":{"line":15,"column":27},"end":{"line":18,"column":3}},"line":15},"4":{"name":"(anonymous_4)","decl":{"start":{"line":20,"column":2},"end":{"line":20,"column":3}},"loc":{"start":{"line":20,"column":24},"end":{"line":25,"column":3}},"line":20}},"branchMap":{"0":{"loc":{"start":{"line":9,"column":4},"end":{"line":11,"column":5}},"type":"if","locations":[{"start":{"line":9,"column":4},"end":{"line":11,"column":5}},{"start":{"line":9,"column":4},"end":{"line":11,"column":5}}],"line":9},"1":{"loc":{"start":{"line":21,"column":4},"end":{"line":23,"column":5}},"type":"if","locations":[{"start":{"line":21,"column":4},"end":{"line":23,"column":5}},{"start":{"line":21,"column":4},"end":{"line":23,"column":5}}],"line":21}},"s":{"0":8,"1":8,"2":2,"3":1,"4":1,"5":2,"6":2,"7":2,"8":1,"9":1},"f":{"0":8,"1":8,"2":2,"3":2,"4":2},"b":{"0":[1,1],"1":[1,1]},"_coverageSchema":"43e27e138ebf9cfc5966b082cf9a028302ed4184","hash":"59e607f1f82d6385f988cf3e4eb9d0bbea13fc80"}
,"/Users/lelasmith/Desktop/epicodus-projects/CS-curriculum/src/hash-table.js": {"path":"/Users/lelasmith/Desktop/epicodus-projects/CS-curriculum/src/hash-table.js","statementMap":{"0":{"start":{"line":3,"column":4},"end":{"line":3,"column":20}},"1":{"start":{"line":7,"column":4},"end":{"line":7,"column":58}},"2":{"start":{"line":11,"column":18},"end":{"line":11,"column":32}},"3":{"start":{"line":12,"column":4},"end":{"line":14,"column":5}},"4":{"start":{"line":13,"column":6},"end":{"line":13,"column":28}},"5":{"start":{"line":15,"column":4},"end":{"line":15,"column":41}},"6":{"start":{"line":19,"column":20},"end":{"line":19,"column":34}},"7":{"start":{"line":20,"column":19},"end":{"line":20,"column":38}},"8":{"start":{"line":21,"column":4},"end":{"line":27,"column":5}},"9":{"start":{"line":22,"column":6},"end":{"line":26,"column":7}},"10":{"start":{"line":22,"column":19},"end":{"line":22,"column":20}},"11":{"start":{"line":23,"column":8},"end":{"line":25,"column":9}},"12":{"start":{"line":24,"column":10},"end":{"line":24,"column":30}},"13":{"start":{"line":28,"column":4},"end":{"line":28,"column":16}}},"fnMap":{"0":{"name":"(anonymous_0)","decl":{"start":{"line":2,"column":2},"end":{"line":2,"column":3}},"loc":{"start":{"line":2,"column":16},"end":{"line":4,"column":3}},"line":2},"1":{"name":"(anonymous_1)","decl":{"start":{"line":6,"column":2},"end":{"line":6,"column":3}},"loc":{"start":{"line":6,"column":12},"end":{"line":8,"column":3}},"line":6},"2":{"name":"(anonymous_2)","decl":{"start":{"line":10,"column":2},"end":{"line":10,"column":3}},"loc":{"start":{"line":10,"column":18},"end":{"line":16,"column":3}},"line":10},"3":{"name":"(anonymous_3)","decl":{"start":{"line":18,"column":2},"end":{"line":18,"column":3}},"loc":{"start":{"line":18,"column":11},"end":{"line":29,"column":3}},"line":18}},"branchMap":{"0":{"loc":{"start":{"line":12,"column":4},"end":{"line":14,"column":5}},"type":"if","locations":[{"start":{"line":12,"column":4},"end":{"line":14,"column":5}},{"start":{"line":12,"column":4},"end":{"line":14,"column":5}}],"line":12},"1":{"loc":{"start":{"line":21,"column":4},"end":{"line":27,"column":5}},"type":"if","locations":[{"start":{"line":21,"column":4},"end":{"line":27,"column":5}},{"start":{"line":21,"column":4},"end":{"line":27,"column":5}}],"line":21},"2":{"loc":{"start":{"line":23,"column":8},"end":{"line":25,"column":9}},"type":"if","locations":[{"start":{"line":23,"column":8},"end":{"line":25,"column":9}},{"start":{"line":23,"column":8},"end":{"line":25,"column":9}}],"line":23}},"s":{"0":7,"1":10,"2":5,"3":5,"4":3,"5":5,"6":3,"7":3,"8":3,"9":2,"10":2,"11":3,"12":1,"13":2},"f":{"0":7,"1":10,"2":5,"3":3},"b":{"0":[3,2],"1":[2,1],"2":[1,2]},"_coverageSchema":"43e27e138ebf9cfc5966b082cf9a028302ed4184","hash":"cdf22d62d0b58121cda1b7018090f010bfe304cb"}
}
