TN:
SF:/Users/lelasmith/Desktop/epicodus-projects/CS-curriculum/src/bst-node.js
FN:2,(anonymous_0)
FNF:1
FNH:1
FNDA:1,(anonymous_0)
DA:3,1
DA:4,1
DA:5,1
LF:3
LH:3
BRF:0
BRH:0
end_of_record
TN:
SF:/Users/lelasmith/Desktop/epicodus-projects/CS-curriculum/src/hash-table.js
FN:2,(anonymous_0)
FN:6,(anonymous_1)
FN:10,(anonymous_2)
FN:18,(anonymous_3)
FNF:4
FNH:4
FNDA:7,(anonymous_0)
FNDA:10,(anonymous_1)
FNDA:5,(anonymous_2)
FNDA:3,(anonymous_3)
DA:3,7
DA:7,10
DA:11,5
DA:12,5
DA:13,3
DA:15,5
DA:19,3
DA:20,3
DA:21,3
DA:22,2
DA:23,3
DA:24,1
DA:28,2
LF:13
LH:13
BRDA:12,0,0,3
BRDA:12,0,1,2
BRDA:21,1,0,2
BRDA:21,1,1,1
BRDA:23,2,0,1
BRDA:23,2,1,2
BRF:6
BRH:6
end_of_record
